<?xml version="1.0" encoding="UTF-8"?>
<!-- Generated by org.testng.reporters.JUnitReportReporter -->
<testsuite skipped="0" hostname="LAPTOP-UCRQ5H7O" name="autotest.SecondTest" tests="3" failures="0" timestamp="09 мая 2019 16:05:53 GMT" time="91.282" errors="0">
  <testcase name="second_test" time="32.463" classname="autotest.SecondTest"/>
  <testcase name="second_test" time="26.594" classname="autotest.SecondTest"/>
  <testcase name="second_test" time="32.225" classname="autotest.SecondTest"/>
</testsuite> <!-- autotest.SecondTest -->
