<?xml version="1.0" encoding="UTF-8"?>
<!-- Generated by org.testng.reporters.JUnitReportReporter -->
<testsuite skipped="0" hostname="LAPTOP-UCRQ5H7O" name="autotest.FirstTest" tests="1" failures="0" timestamp="10 мая 2019 13:22:24 GMT" time="162.397" errors="0">
  <testcase name="first_test" time="162.397" classname="autotest.FirstTest"/>
</testsuite> <!-- autotest.FirstTest -->
