<?xml version="1.0" encoding="UTF-8"?>
<!-- Generated by org.testng.reporters.JUnitReportReporter -->
<testsuite skipped="0" hostname="LAPTOP-UCRQ5H7O" name="autotest.FirstTest" tests="1" failures="0" timestamp="09 мая 2019 16:05:53 GMT" time="25.387" errors="0">
  <testcase name="first_test" time="25.387" classname="autotest.FirstTest"/>
</testsuite> <!-- autotest.FirstTest -->
