<?xml version="1.0" encoding="UTF-8"?>
<!-- Generated by org.testng.reporters.JUnitReportReporter -->
<testsuite skipped="0" hostname="LAPTOP-UCRQ5H7O" name="autotest.ThirdTest" tests="1" failures="0" timestamp="09 мая 2019 16:05:53 GMT" time="45.999" errors="0">
  <testcase name="third_test" time="45.999" classname="autotest.ThirdTest"/>
</testsuite> <!-- autotest.ThirdTest -->
