<?xml version="1.0" encoding="UTF-8"?>
<!-- Generated by org.testng.reporters.JUnitReportReporter -->
<testsuite skipped="0" hostname="LAPTOP-UCRQ5H7O" name="autotest.ThirdTest" tests="1" failures="0" timestamp="10 мая 2019 13:22:24 GMT" time="51.256" errors="0">
  <testcase name="third_test" time="51.256" classname="autotest.ThirdTest"/>
</testsuite> <!-- autotest.ThirdTest -->
