<?xml version="1.0" encoding="UTF-8"?>
<!-- Generated by org.testng.reporters.JUnitReportReporter -->
<testsuite skipped="0" hostname="LAPTOP-UCRQ5H7O" name="autotest.FirstTest" tests="1" failures="0" timestamp="10 мая 2019 06:39:04 GMT" time="31.860" errors="0">
  <testcase name="first_test" time="31.860" classname="autotest.FirstTest"/>
</testsuite> <!-- autotest.FirstTest -->
