<?xml version="1.0" encoding="UTF-8"?>
<!-- Generated by org.testng.reporters.JUnitReportReporter -->
<testsuite skipped="0" hostname="LAPTOP-UCRQ5H7O" name="autotest.SecondTest" tests="3" failures="0" timestamp="10 мая 2019 06:39:04 GMT" time="116.383" errors="0">
  <testcase name="second_test" time="40.734" classname="autotest.SecondTest"/>
  <testcase name="second_test" time="39.783" classname="autotest.SecondTest"/>
  <testcase name="second_test" time="35.866" classname="autotest.SecondTest"/>
</testsuite> <!-- autotest.SecondTest -->
