<?xml version="1.0" encoding="UTF-8"?>
<!-- Generated by org.testng.reporters.JUnitReportReporter -->
<testsuite skipped="0" hostname="LAPTOP-UCRQ5H7O" name="autotest.SecondTest" tests="3" failures="0" timestamp="10 мая 2019 13:22:24 GMT" time="432.172" errors="0">
  <testcase name="second_test" time="200.993" classname="autotest.SecondTest"/>
  <testcase name="second_test" time="91.077" classname="autotest.SecondTest"/>
  <testcase name="second_test" time="140.102" classname="autotest.SecondTest"/>
</testsuite> <!-- autotest.SecondTest -->
